[0.306s] [34mcolcon[0m [1;30mDEBUG[0m [32mCommand line arguments: ['/usr/bin/colcon', 'build'][0m
[0.307s] [34mcolcon[0m [1;30mDEBUG[0m [32mParsed command line arguments: Namespace(log_base=None, log_level=None, verb_name='build', build_base='build', install_base='install', merge_install=False, symlink_install=False, test_result_base=None, continue_on_error=False, executor='parallel', parallel_workers=6, event_handlers=None, ignore_user_meta=False, metas=['./colcon.meta'], base_paths=['.'], packages_ignore=None, packages_ignore_regex=None, paths=None, packages_up_to=None, packages_up_to_regex=None, packages_above=None, packages_above_and_dependencies=None, packages_above_depth=None, packages_select_by_dep=None, packages_skip_by_dep=None, packages_skip_up_to=None, packages_select_build_failed=False, packages_skip_build_finished=False, packages_select_test_failures=False, packages_skip_test_passed=False, packages_select=None, packages_skip=None, packages_select_regex=None, packages_skip_regex=None, packages_start=None, packages_end=None, allow_overriding=[], cmake_args=None, cmake_target=None, cmake_target_skip_unavailable=False, cmake_clean_cache=False, cmake_clean_first=False, cmake_force_configure=False, ament_cmake_args=None, catkin_cmake_args=None, catkin_skip_building_tests=False, mixin_files=None, mixin=None, verb_parser=<colcon_mixin.mixin.mixin_argument.MixinArgumentDecorator object at 0xffffb5b1e260>, verb_extension=<colcon_core.verb.build.BuildVerb object at 0xffffb5b1ddb0>, main=<bound method BuildVerb.main of <colcon_core.verb.build.BuildVerb object at 0xffffb5b1ddb0>>, mixin_verb=('build',))[0m
[0.398s] [34mcolcon.colcon_core.package_discovery[0m [1;30mLevel 1[0m discover_packages(colcon_meta) check parameters
[0.399s] [34mcolcon.colcon_core.package_discovery[0m [1;30mLevel 1[0m discover_packages(recursive) check parameters
[0.399s] [34mcolcon.colcon_core.package_discovery[0m [1;30mLevel 1[0m discover_packages(ignore) check parameters
[0.399s] [34mcolcon.colcon_core.package_discovery[0m [1;30mLevel 1[0m discover_packages(path) check parameters
[0.399s] [34mcolcon.colcon_core.package_discovery[0m [1;30mLevel 1[0m discover_packages(colcon_meta) discover
[0.399s] [34mcolcon.colcon_core.package_discovery[0m [1;30mLevel 1[0m discover_packages(recursive) discover
[0.399s] [34mcolcon.colcon_core.package_discovery[0m [1;30mINFO[0m Crawling recursively for packages in '/home/tori/ros2_ws/src/tori_bringup'
[0.400s] [34mcolcon.colcon_core.package_identification[0m [1;30mLevel 1[0m _identify(.) by extensions ['ignore', 'ignore_ament_install']
[0.400s] [34mcolcon.colcon_core.package_identification[0m [1;30mLevel 1[0m _identify(.) by extension 'ignore'
[0.400s] [34mcolcon.colcon_core.package_identification[0m [1;30mLevel 1[0m _identify(.) by extension 'ignore_ament_install'
[0.400s] [34mcolcon.colcon_core.package_identification[0m [1;30mLevel 1[0m _identify(.) by extensions ['colcon_pkg']
[0.400s] [34mcolcon.colcon_core.package_identification[0m [1;30mLevel 1[0m _identify(.) by extension 'colcon_pkg'
[0.400s] [34mcolcon.colcon_core.package_identification[0m [1;30mLevel 1[0m _identify(.) by extensions ['colcon_meta']
[0.401s] [34mcolcon.colcon_core.package_identification[0m [1;30mLevel 1[0m _identify(.) by extension 'colcon_meta'
[0.401s] [34mcolcon.colcon_core.package_identification[0m [1;30mLevel 1[0m _identify(.) by extensions ['ros']
[0.401s] [34mcolcon.colcon_core.package_identification[0m [1;30mLevel 1[0m _identify(.) by extension 'ros'
[0.442s] [34mcolcon.colcon_core.package_identification[0m [1;30mDEBUG[0m [32mPackage '.' with type 'ros.ament_cmake' and name 'tori_bringup'[0m
[0.443s] [34mcolcon.colcon_core.package_discovery[0m [1;30mLevel 1[0m discover_packages(recursive) using defaults
[0.443s] [34mcolcon.colcon_core.package_discovery[0m [1;30mLevel 1[0m discover_packages(ignore) discover
[0.443s] [34mcolcon.colcon_core.package_discovery[0m [1;30mLevel 1[0m discover_packages(ignore) using defaults
[0.443s] [34mcolcon.colcon_core.package_discovery[0m [1;30mLevel 1[0m discover_packages(path) discover
[0.443s] [34mcolcon.colcon_core.package_discovery[0m [1;30mLevel 1[0m discover_packages(path) using defaults
[0.483s] [34mcolcon.colcon_core.package_discovery[0m [1;30mLevel 1[0m discover_packages(prefix_path) check parameters
[0.484s] [34mcolcon.colcon_core.package_discovery[0m [1;30mLevel 1[0m discover_packages(prefix_path) discover
[0.489s] [34mcolcon.colcon_installed_package_information.package_discovery[0m [1;30mDEBUG[0m [32mFound 7 installed packages in /home/tori/ros2_ws/install[0m
[0.491s] [34mcolcon.colcon_installed_package_information.package_discovery[0m [1;30mDEBUG[0m [32mFound 6 installed packages in /home/tori/ros2_ws/src/install[0m
[0.495s] [34mcolcon.colcon_installed_package_information.package_discovery[0m [1;30mDEBUG[0m [32mFound 321 installed packages in /opt/ros/humble[0m
[0.498s] [34mcolcon.colcon_core.package_discovery[0m [1;30mLevel 1[0m discover_packages(prefix_path) using defaults
[0.596s] [34mcolcon.colcon_core.verb[0m [1;30mLevel 5[0m set package 'tori_bringup' build argument 'cmake_args' from command line to 'None'
[0.596s] [34mcolcon.colcon_core.verb[0m [1;30mLevel 5[0m set package 'tori_bringup' build argument 'cmake_target' from command line to 'None'
[0.596s] [34mcolcon.colcon_core.verb[0m [1;30mLevel 5[0m set package 'tori_bringup' build argument 'cmake_target_skip_unavailable' from command line to 'False'
[0.596s] [34mcolcon.colcon_core.verb[0m [1;30mLevel 5[0m set package 'tori_bringup' build argument 'cmake_clean_cache' from command line to 'False'
[0.596s] [34mcolcon.colcon_core.verb[0m [1;30mLevel 5[0m set package 'tori_bringup' build argument 'cmake_clean_first' from command line to 'False'
[0.596s] [34mcolcon.colcon_core.verb[0m [1;30mLevel 5[0m set package 'tori_bringup' build argument 'cmake_force_configure' from command line to 'False'
[0.597s] [34mcolcon.colcon_core.verb[0m [1;30mLevel 5[0m set package 'tori_bringup' build argument 'ament_cmake_args' from command line to 'None'
[0.597s] [34mcolcon.colcon_core.verb[0m [1;30mLevel 5[0m set package 'tori_bringup' build argument 'catkin_cmake_args' from command line to 'None'
[0.597s] [34mcolcon.colcon_core.verb[0m [1;30mLevel 5[0m set package 'tori_bringup' build argument 'catkin_skip_building_tests' from command line to 'False'
[0.597s] [34mcolcon.colcon_core.verb[0m [1;30mDEBUG[0m [32mBuilding package 'tori_bringup' with the following arguments: {'ament_cmake_args': None, 'build_base': '/home/tori/ros2_ws/src/tori_bringup/build/tori_bringup', 'catkin_cmake_args': None, 'catkin_skip_building_tests': False, 'cmake_args': None, 'cmake_clean_cache': False, 'cmake_clean_first': False, 'cmake_force_configure': False, 'cmake_target': None, 'cmake_target_skip_unavailable': False, 'install_base': '/home/tori/ros2_ws/src/tori_bringup/install/tori_bringup', 'merge_install': False, 'path': '/home/tori/ros2_ws/src/tori_bringup', 'symlink_install': False, 'test_result_base': None}[0m
[0.597s] [34mcolcon.colcon_core.executor[0m [1;30mINFO[0m Executing jobs using 'parallel' executor
[0.599s] [34mcolcon.colcon_parallel_executor.executor.parallel[0m [1;30mDEBUG[0m [32mrun_until_complete[0m
[0.600s] [34mcolcon.colcon_ros.task.ament_cmake.build[0m [1;30mINFO[0m Building ROS package in '/home/tori/ros2_ws/src/tori_bringup' with build type 'ament_cmake'
[0.601s] [34mcolcon.colcon_cmake.task.cmake.build[0m [1;30mINFO[0m Building CMake package in '/home/tori/ros2_ws/src/tori_bringup'
[0.606s] [34mcolcon.colcon_core.plugin_system[0m [1;30mINFO[0m Skipping extension 'colcon_core.shell.bat': Not used on non-Windows systems
[0.606s] [34mcolcon.colcon_core.shell[0m [1;30mINFO[0m Skip shell extension 'powershell' for command environment: Not usable outside of PowerShell
[0.607s] [34mcolcon.colcon_core.shell[0m [1;30mDEBUG[0m [32mSkip shell extension 'dsv' for command environment[0m
[0.629s] [34mcolcon.colcon_core.event_handler.log_command[0m [1;30mDEBUG[0m [32mInvoking command in '/home/tori/ros2_ws/src/tori_bringup/build/tori_bringup': CMAKE_PREFIX_PATH=${CMAKE_PREFIX_PATH}:/home/tori/ros2_ws/install/vision:/home/tori/ros2_ws/install/odom_tf_convert:/home/tori/ros2_ws/install/map_loader:/home/tori/ros2_ws/install/goal_pose_filter:/home/tori/ros2_ws/install/battery-monitor:/home/tori/ros2_ws/src/install/vision:/home/tori/ros2_ws/src/install/odom_tf_convert:/home/tori/ros2_ws/src/install/map_loader:/home/tori/ros2_ws/src/install/goal_pose_filter:/opt/ros/humble /usr/local/bin/cmake /home/tori/ros2_ws/src/tori_bringup -DCMAKE_INSTALL_PREFIX=/home/tori/ros2_ws/src/tori_bringup/install/tori_bringup[0m
[2.703s] [34mcolcon.colcon_core.event_handler.log_command[0m [1;30mDEBUG[0m [32mInvoked command in '/home/tori/ros2_ws/src/tori_bringup/build/tori_bringup' returned '0': CMAKE_PREFIX_PATH=${CMAKE_PREFIX_PATH}:/home/tori/ros2_ws/install/vision:/home/tori/ros2_ws/install/odom_tf_convert:/home/tori/ros2_ws/install/map_loader:/home/tori/ros2_ws/install/goal_pose_filter:/home/tori/ros2_ws/install/battery-monitor:/home/tori/ros2_ws/src/install/vision:/home/tori/ros2_ws/src/install/odom_tf_convert:/home/tori/ros2_ws/src/install/map_loader:/home/tori/ros2_ws/src/install/goal_pose_filter:/opt/ros/humble /usr/local/bin/cmake /home/tori/ros2_ws/src/tori_bringup -DCMAKE_INSTALL_PREFIX=/home/tori/ros2_ws/src/tori_bringup/install/tori_bringup[0m
[2.706s] [34mcolcon.colcon_core.event_handler.log_command[0m [1;30mDEBUG[0m [32mInvoking command in '/home/tori/ros2_ws/src/tori_bringup/build/tori_bringup': CMAKE_PREFIX_PATH=${CMAKE_PREFIX_PATH}:/home/tori/ros2_ws/install/vision:/home/tori/ros2_ws/install/odom_tf_convert:/home/tori/ros2_ws/install/map_loader:/home/tori/ros2_ws/install/goal_pose_filter:/home/tori/ros2_ws/install/battery-monitor:/home/tori/ros2_ws/src/install/vision:/home/tori/ros2_ws/src/install/odom_tf_convert:/home/tori/ros2_ws/src/install/map_loader:/home/tori/ros2_ws/src/install/goal_pose_filter:/opt/ros/humble /usr/local/bin/cmake --build /home/tori/ros2_ws/src/tori_bringup/build/tori_bringup -- -j6 -l6[0m
[2.756s] [34mcolcon.colcon_core.event_handler.log_command[0m [1;30mDEBUG[0m [32mInvoked command in '/home/tori/ros2_ws/src/tori_bringup/build/tori_bringup' returned '0': CMAKE_PREFIX_PATH=${CMAKE_PREFIX_PATH}:/home/tori/ros2_ws/install/vision:/home/tori/ros2_ws/install/odom_tf_convert:/home/tori/ros2_ws/install/map_loader:/home/tori/ros2_ws/install/goal_pose_filter:/home/tori/ros2_ws/install/battery-monitor:/home/tori/ros2_ws/src/install/vision:/home/tori/ros2_ws/src/install/odom_tf_convert:/home/tori/ros2_ws/src/install/map_loader:/home/tori/ros2_ws/src/install/goal_pose_filter:/opt/ros/humble /usr/local/bin/cmake --build /home/tori/ros2_ws/src/tori_bringup/build/tori_bringup -- -j6 -l6[0m
[2.768s] [34mcolcon.colcon_core.event_handler.log_command[0m [1;30mDEBUG[0m [32mInvoking command in '/home/tori/ros2_ws/src/tori_bringup/build/tori_bringup': CMAKE_PREFIX_PATH=${CMAKE_PREFIX_PATH}:/home/tori/ros2_ws/install/vision:/home/tori/ros2_ws/install/odom_tf_convert:/home/tori/ros2_ws/install/map_loader:/home/tori/ros2_ws/install/goal_pose_filter:/home/tori/ros2_ws/install/battery-monitor:/home/tori/ros2_ws/src/install/vision:/home/tori/ros2_ws/src/install/odom_tf_convert:/home/tori/ros2_ws/src/install/map_loader:/home/tori/ros2_ws/src/install/goal_pose_filter:/opt/ros/humble /usr/local/bin/cmake --install /home/tori/ros2_ws/src/tori_bringup/build/tori_bringup[0m
[2.788s] [34mcolcon.colcon_core.environment[0m [1;30mLevel 1[0m create_environment_scripts_only(tori_bringup)
[2.801s] [34mcolcon.colcon_core.event_handler.log_command[0m [1;30mDEBUG[0m [32mInvoked command in '/home/tori/ros2_ws/src/tori_bringup/build/tori_bringup' returned '0': CMAKE_PREFIX_PATH=${CMAKE_PREFIX_PATH}:/home/tori/ros2_ws/install/vision:/home/tori/ros2_ws/install/odom_tf_convert:/home/tori/ros2_ws/install/map_loader:/home/tori/ros2_ws/install/goal_pose_filter:/home/tori/ros2_ws/install/battery-monitor:/home/tori/ros2_ws/src/install/vision:/home/tori/ros2_ws/src/install/odom_tf_convert:/home/tori/ros2_ws/src/install/map_loader:/home/tori/ros2_ws/src/install/goal_pose_filter:/opt/ros/humble /usr/local/bin/cmake --install /home/tori/ros2_ws/src/tori_bringup/build/tori_bringup[0m
[2.804s] [34mcolcon.colcon_core.environment[0m [1;30mLevel 1[0m checking '/home/tori/ros2_ws/src/tori_bringup/install/tori_bringup' for CMake module files
[2.806s] [34mcolcon.colcon_core.environment[0m [1;30mLevel 1[0m checking '/home/tori/ros2_ws/src/tori_bringup/install/tori_bringup' for CMake config files
[2.807s] [34mcolcon.colcon_core.shell[0m [1;30mLevel 1[0m create_environment_hook('tori_bringup', 'cmake_prefix_path')
[2.808s] [34mcolcon.colcon_core.shell[0m [1;30mINFO[0m Creating environment hook '/home/tori/ros2_ws/src/tori_bringup/install/tori_bringup/share/tori_bringup/hook/cmake_prefix_path.ps1'
[2.812s] [34mcolcon.colcon_core.shell[0m [1;30mINFO[0m Creating environment descriptor '/home/tori/ros2_ws/src/tori_bringup/install/tori_bringup/share/tori_bringup/hook/cmake_prefix_path.dsv'
[2.814s] [34mcolcon.colcon_core.shell[0m [1;30mINFO[0m Creating environment hook '/home/tori/ros2_ws/src/tori_bringup/install/tori_bringup/share/tori_bringup/hook/cmake_prefix_path.sh'
[2.817s] [34mcolcon.colcon_core.environment[0m [1;30mLevel 1[0m checking '/home/tori/ros2_ws/src/tori_bringup/install/tori_bringup/bin'
[2.817s] [34mcolcon.colcon_core.environment[0m [1;30mLevel 1[0m checking '/home/tori/ros2_ws/src/tori_bringup/install/tori_bringup/lib/pkgconfig/tori_bringup.pc'
[2.818s] [34mcolcon.colcon_core.environment[0m [1;30mLevel 1[0m checking '/home/tori/ros2_ws/src/tori_bringup/install/tori_bringup/lib/python3.10/site-packages'
[2.819s] [34mcolcon.colcon_core.environment[0m [1;30mLevel 1[0m checking '/home/tori/ros2_ws/src/tori_bringup/install/tori_bringup/bin'
[2.820s] [34mcolcon.colcon_core.shell[0m [1;30mINFO[0m Creating package script '/home/tori/ros2_ws/src/tori_bringup/install/tori_bringup/share/tori_bringup/package.ps1'
[2.823s] [34mcolcon.colcon_core.shell[0m [1;30mINFO[0m Creating package descriptor '/home/tori/ros2_ws/src/tori_bringup/install/tori_bringup/share/tori_bringup/package.dsv'
[2.825s] [34mcolcon.colcon_core.shell[0m [1;30mINFO[0m Creating package script '/home/tori/ros2_ws/src/tori_bringup/install/tori_bringup/share/tori_bringup/package.sh'
[2.827s] [34mcolcon.colcon_core.shell[0m [1;30mINFO[0m Creating package script '/home/tori/ros2_ws/src/tori_bringup/install/tori_bringup/share/tori_bringup/package.bash'
[2.829s] [34mcolcon.colcon_core.shell[0m [1;30mINFO[0m Creating package script '/home/tori/ros2_ws/src/tori_bringup/install/tori_bringup/share/tori_bringup/package.zsh'
[2.830s] [34mcolcon.colcon_core.environment[0m [1;30mLevel 1[0m create_file_with_runtime_dependencies(/home/tori/ros2_ws/src/tori_bringup/install/tori_bringup/share/colcon-core/packages/tori_bringup)
[2.832s] [34mcolcon.colcon_core.environment[0m [1;30mLevel 1[0m create_environment_scripts_only(tori_bringup)
[2.833s] [34mcolcon.colcon_core.environment[0m [1;30mLevel 1[0m checking '/home/tori/ros2_ws/src/tori_bringup/install/tori_bringup' for CMake module files
[2.834s] [34mcolcon.colcon_core.environment[0m [1;30mLevel 1[0m checking '/home/tori/ros2_ws/src/tori_bringup/install/tori_bringup' for CMake config files
[2.835s] [34mcolcon.colcon_core.shell[0m [1;30mLevel 1[0m create_environment_hook('tori_bringup', 'cmake_prefix_path')
[2.836s] [34mcolcon.colcon_core.shell[0m [1;30mINFO[0m Creating environment hook '/home/tori/ros2_ws/src/tori_bringup/install/tori_bringup/share/tori_bringup/hook/cmake_prefix_path.ps1'
[2.837s] [34mcolcon.colcon_core.shell[0m [1;30mINFO[0m Creating environment descriptor '/home/tori/ros2_ws/src/tori_bringup/install/tori_bringup/share/tori_bringup/hook/cmake_prefix_path.dsv'
[2.838s] [34mcolcon.colcon_core.shell[0m [1;30mINFO[0m Creating environment hook '/home/tori/ros2_ws/src/tori_bringup/install/tori_bringup/share/tori_bringup/hook/cmake_prefix_path.sh'
[2.839s] [34mcolcon.colcon_core.environment[0m [1;30mLevel 1[0m checking '/home/tori/ros2_ws/src/tori_bringup/install/tori_bringup/bin'
[2.840s] [34mcolcon.colcon_core.environment[0m [1;30mLevel 1[0m checking '/home/tori/ros2_ws/src/tori_bringup/install/tori_bringup/lib/pkgconfig/tori_bringup.pc'
[2.840s] [34mcolcon.colcon_core.environment[0m [1;30mLevel 1[0m checking '/home/tori/ros2_ws/src/tori_bringup/install/tori_bringup/lib/python3.10/site-packages'
[2.841s] [34mcolcon.colcon_core.environment[0m [1;30mLevel 1[0m checking '/home/tori/ros2_ws/src/tori_bringup/install/tori_bringup/bin'
[2.841s] [34mcolcon.colcon_core.shell[0m [1;30mINFO[0m Creating package script '/home/tori/ros2_ws/src/tori_bringup/install/tori_bringup/share/tori_bringup/package.ps1'
[2.843s] [34mcolcon.colcon_core.shell[0m [1;30mINFO[0m Creating package descriptor '/home/tori/ros2_ws/src/tori_bringup/install/tori_bringup/share/tori_bringup/package.dsv'
[2.845s] [34mcolcon.colcon_core.shell[0m [1;30mINFO[0m Creating package script '/home/tori/ros2_ws/src/tori_bringup/install/tori_bringup/share/tori_bringup/package.sh'
[2.846s] [34mcolcon.colcon_core.shell[0m [1;30mINFO[0m Creating package script '/home/tori/ros2_ws/src/tori_bringup/install/tori_bringup/share/tori_bringup/package.bash'
[2.847s] [34mcolcon.colcon_core.shell[0m [1;30mINFO[0m Creating package script '/home/tori/ros2_ws/src/tori_bringup/install/tori_bringup/share/tori_bringup/package.zsh'
[2.848s] [34mcolcon.colcon_core.environment[0m [1;30mLevel 1[0m create_file_with_runtime_dependencies(/home/tori/ros2_ws/src/tori_bringup/install/tori_bringup/share/colcon-core/packages/tori_bringup)
[2.849s] [34mcolcon.colcon_parallel_executor.executor.parallel[0m [1;30mDEBUG[0m [32mclosing loop[0m
[2.852s] [34mcolcon.colcon_parallel_executor.executor.parallel[0m [1;30mDEBUG[0m [32mloop closed[0m
[2.852s] [34mcolcon.colcon_parallel_executor.executor.parallel[0m [1;30mDEBUG[0m [32mrun_until_complete finished with '0'[0m
[2.852s] [34mcolcon.colcon_core.event_reactor[0m [1;30mDEBUG[0m [32mjoining thread[0m
[2.853s] [34mcolcon.colcon_core.event_reactor[0m [1;30mDEBUG[0m [32mjoined thread[0m
[2.854s] [34mcolcon.colcon_core.shell[0m [1;30mINFO[0m Creating prefix script '/home/tori/ros2_ws/src/tori_bringup/install/local_setup.ps1'
[2.859s] [34mcolcon.colcon_core.shell[0m [1;30mINFO[0m Creating prefix util module '/home/tori/ros2_ws/src/tori_bringup/install/_local_setup_util_ps1.py'
[2.863s] [34mcolcon.colcon_core.shell[0m [1;30mINFO[0m Creating prefix chain script '/home/tori/ros2_ws/src/tori_bringup/install/setup.ps1'
[2.867s] [34mcolcon.colcon_core.shell[0m [1;30mINFO[0m Creating prefix script '/home/tori/ros2_ws/src/tori_bringup/install/local_setup.sh'
[2.868s] [34mcolcon.colcon_core.shell[0m [1;30mINFO[0m Creating prefix util module '/home/tori/ros2_ws/src/tori_bringup/install/_local_setup_util_sh.py'
[2.871s] [34mcolcon.colcon_core.shell[0m [1;30mINFO[0m Creating prefix chain script '/home/tori/ros2_ws/src/tori_bringup/install/setup.sh'
[2.878s] [34mcolcon.colcon_core.shell[0m [1;30mINFO[0m Creating prefix script '/home/tori/ros2_ws/src/tori_bringup/install/local_setup.bash'
[2.879s] [34mcolcon.colcon_core.shell[0m [1;30mINFO[0m Creating prefix chain script '/home/tori/ros2_ws/src/tori_bringup/install/setup.bash'
[2.882s] [34mcolcon.colcon_core.shell[0m [1;30mINFO[0m Creating prefix script '/home/tori/ros2_ws/src/tori_bringup/install/local_setup.zsh'
[2.883s] [34mcolcon.colcon_core.shell[0m [1;30mINFO[0m Creating prefix chain script '/home/tori/ros2_ws/src/tori_bringup/install/setup.zsh'
