[0.027s] Invoking command in '/home/tori/ros2_ws/src/tori_bringup/build/tori_bringup': CMAKE_PREFIX_PATH=${CMAKE_PREFIX_PATH}:/home/tori/ros2_ws/install/vision:/home/tori/ros2_ws/install/odom_tf_convert:/home/tori/ros2_ws/install/map_loader:/home/tori/ros2_ws/install/goal_pose_filter:/home/tori/ros2_ws/install/battery-monitor:/home/tori/ros2_ws/src/install/vision:/home/tori/ros2_ws/src/install/odom_tf_convert:/home/tori/ros2_ws/src/install/map_loader:/home/tori/ros2_ws/src/install/goal_pose_filter:/opt/ros/humble /usr/local/bin/cmake /home/tori/ros2_ws/src/tori_bringup -DCMAKE_INSTALL_PREFIX=/home/tori/ros2_ws/src/tori_bringup/install/tori_bringup
[0.216s] -- The C compiler identification is GNU 11.4.0
[0.391s] -- The CXX compiler identification is GNU 11.4.0
[0.416s] -- Detecting C compiler ABI info
[0.557s] -- Detecting C compiler ABI info - done
[0.577s] -- Check for working C compiler: /usr/bin/cc - skipped
[0.577s] -- Detecting C compile features
[0.578s] -- Detecting C compile features - done
[0.587s] -- Detecting CXX compiler ABI info
[0.747s] -- Detecting CXX compiler ABI info - done
[0.777s] -- Check for working CXX compiler: /usr/bin/c++ - skipped
[0.777s] -- Detecting CXX compile features
[0.778s] -- Detecting CXX compile features - done
[0.801s] -- Found ament_cmake: 1.3.11 (/opt/ros/humble/share/ament_cmake/cmake)
[1.619s] -- Found Python3: /usr/bin/python3 (found version "3.10.12") found components: Interpreter 
[2.077s] -- Configuring done
[2.085s] -- Generating done
[2.089s] -- Build files have been written to: /home/tori/ros2_ws/src/tori_bringup/build/tori_bringup
[2.100s] Invoked command in '/home/tori/ros2_ws/src/tori_bringup/build/tori_bringup' returned '0': CMAKE_PREFIX_PATH=${CMAKE_PREFIX_PATH}:/home/tori/ros2_ws/install/vision:/home/tori/ros2_ws/install/odom_tf_convert:/home/tori/ros2_ws/install/map_loader:/home/tori/ros2_ws/install/goal_pose_filter:/home/tori/ros2_ws/install/battery-monitor:/home/tori/ros2_ws/src/install/vision:/home/tori/ros2_ws/src/install/odom_tf_convert:/home/tori/ros2_ws/src/install/map_loader:/home/tori/ros2_ws/src/install/goal_pose_filter:/opt/ros/humble /usr/local/bin/cmake /home/tori/ros2_ws/src/tori_bringup -DCMAKE_INSTALL_PREFIX=/home/tori/ros2_ws/src/tori_bringup/install/tori_bringup
[2.104s] Invoking command in '/home/tori/ros2_ws/src/tori_bringup/build/tori_bringup': CMAKE_PREFIX_PATH=${CMAKE_PREFIX_PATH}:/home/tori/ros2_ws/install/vision:/home/tori/ros2_ws/install/odom_tf_convert:/home/tori/ros2_ws/install/map_loader:/home/tori/ros2_ws/install/goal_pose_filter:/home/tori/ros2_ws/install/battery-monitor:/home/tori/ros2_ws/src/install/vision:/home/tori/ros2_ws/src/install/odom_tf_convert:/home/tori/ros2_ws/src/install/map_loader:/home/tori/ros2_ws/src/install/goal_pose_filter:/opt/ros/humble /usr/local/bin/cmake --build /home/tori/ros2_ws/src/tori_bringup/build/tori_bringup -- -j6 -l6
[2.154s] Invoked command in '/home/tori/ros2_ws/src/tori_bringup/build/tori_bringup' returned '0': CMAKE_PREFIX_PATH=${CMAKE_PREFIX_PATH}:/home/tori/ros2_ws/install/vision:/home/tori/ros2_ws/install/odom_tf_convert:/home/tori/ros2_ws/install/map_loader:/home/tori/ros2_ws/install/goal_pose_filter:/home/tori/ros2_ws/install/battery-monitor:/home/tori/ros2_ws/src/install/vision:/home/tori/ros2_ws/src/install/odom_tf_convert:/home/tori/ros2_ws/src/install/map_loader:/home/tori/ros2_ws/src/install/goal_pose_filter:/opt/ros/humble /usr/local/bin/cmake --build /home/tori/ros2_ws/src/tori_bringup/build/tori_bringup -- -j6 -l6
[2.165s] Invoking command in '/home/tori/ros2_ws/src/tori_bringup/build/tori_bringup': CMAKE_PREFIX_PATH=${CMAKE_PREFIX_PATH}:/home/tori/ros2_ws/install/vision:/home/tori/ros2_ws/install/odom_tf_convert:/home/tori/ros2_ws/install/map_loader:/home/tori/ros2_ws/install/goal_pose_filter:/home/tori/ros2_ws/install/battery-monitor:/home/tori/ros2_ws/src/install/vision:/home/tori/ros2_ws/src/install/odom_tf_convert:/home/tori/ros2_ws/src/install/map_loader:/home/tori/ros2_ws/src/install/goal_pose_filter:/opt/ros/humble /usr/local/bin/cmake --install /home/tori/ros2_ws/src/tori_bringup/build/tori_bringup
[2.173s] -- Install configuration: ""
[2.174s] -- Installing: /home/tori/ros2_ws/src/tori_bringup/install/tori_bringup/share/tori_bringup/launch
[2.174s] -- Installing: /home/tori/ros2_ws/src/tori_bringup/install/tori_bringup/share/tori_bringup/launch/install
[2.175s] -- Installing: /home/tori/ros2_ws/src/tori_bringup/install/tori_bringup/share/tori_bringup/launch/install/COLCON_IGNORE
[2.175s] -- Installing: /home/tori/ros2_ws/src/tori_bringup/install/tori_bringup/share/tori_bringup/launch/install/_local_setup_util_ps1.py
[2.175s] -- Installing: /home/tori/ros2_ws/src/tori_bringup/install/tori_bringup/share/tori_bringup/launch/install/local_setup.bash
[2.179s] -- Installing: /home/tori/ros2_ws/src/tori_bringup/install/tori_bringup/share/tori_bringup/launch/install/local_setup.sh
[2.180s] -- Installing: /home/tori/ros2_ws/src/tori_bringup/install/tori_bringup/share/tori_bringup/launch/install/local_setup.zsh
[2.181s] -- Installing: /home/tori/ros2_ws/src/tori_bringup/install/tori_bringup/share/tori_bringup/launch/install/setup.zsh
[2.181s] -- Installing: /home/tori/ros2_ws/src/tori_bringup/install/tori_bringup/share/tori_bringup/launch/install/setup.bash
[2.181s] -- Installing: /home/tori/ros2_ws/src/tori_bringup/install/tori_bringup/share/tori_bringup/launch/install/.colcon_install_layout
[2.182s] -- Installing: /home/tori/ros2_ws/src/tori_bringup/install/tori_bringup/share/tori_bringup/launch/install/local_setup.ps1
[2.182s] -- Installing: /home/tori/ros2_ws/src/tori_bringup/install/tori_bringup/share/tori_bringup/launch/install/_local_setup_util_sh.py
[2.182s] -- Installing: /home/tori/ros2_ws/src/tori_bringup/install/tori_bringup/share/tori_bringup/launch/install/setup.sh
[2.182s] -- Installing: /home/tori/ros2_ws/src/tori_bringup/install/tori_bringup/share/tori_bringup/launch/install/setup.ps1
[2.183s] -- Installing: /home/tori/ros2_ws/src/tori_bringup/install/tori_bringup/share/tori_bringup/launch/log
[2.183s] -- Installing: /home/tori/ros2_ws/src/tori_bringup/install/tori_bringup/share/tori_bringup/launch/log/COLCON_IGNORE
[2.183s] -- Installing: /home/tori/ros2_ws/src/tori_bringup/install/tori_bringup/share/tori_bringup/launch/log/build_2024-12-09_19-37-01
[2.183s] -- Installing: /home/tori/ros2_ws/src/tori_bringup/install/tori_bringup/share/tori_bringup/launch/log/build_2024-12-09_19-37-01/events.log
[2.183s] -- Installing: /home/tori/ros2_ws/src/tori_bringup/install/tori_bringup/share/tori_bringup/launch/log/build_2024-12-09_19-37-01/logger_all.log
[2.184s] -- Installing: /home/tori/ros2_ws/src/tori_bringup/install/tori_bringup/share/tori_bringup/launch/log/latest_build
[2.184s] -- Installing: /home/tori/ros2_ws/src/tori_bringup/install/tori_bringup/share/tori_bringup/launch/log/latest
[2.185s] -- Installing: /home/tori/ros2_ws/src/tori_bringup/install/tori_bringup/share/tori_bringup/launch/build
[2.188s] -- Installing: /home/tori/ros2_ws/src/tori_bringup/install/tori_bringup/share/tori_bringup/launch/build/COLCON_IGNORE
[2.189s] -- Installing: /home/tori/ros2_ws/src/tori_bringup/install/tori_bringup/share/tori_bringup/launch/build/.built_by
[2.189s] -- Installing: /home/tori/ros2_ws/src/tori_bringup/install/tori_bringup/share/tori_bringup/launch/tori.launch.py
[2.190s] -- Installing: /home/tori/ros2_ws/src/tori_bringup/install/tori_bringup/share/tori_bringup/launch/demo.launch.py
[2.190s] -- Installing: /home/tori/ros2_ws/src/tori_bringup/install/tori_bringup/share/ament_index/resource_index/package_run_dependencies/tori_bringup
[2.191s] -- Installing: /home/tori/ros2_ws/src/tori_bringup/install/tori_bringup/share/ament_index/resource_index/parent_prefix_path/tori_bringup
[2.193s] -- Installing: /home/tori/ros2_ws/src/tori_bringup/install/tori_bringup/share/tori_bringup/environment/ament_prefix_path.sh
[2.195s] -- Installing: /home/tori/ros2_ws/src/tori_bringup/install/tori_bringup/share/tori_bringup/environment/ament_prefix_path.dsv
[2.196s] -- Installing: /home/tori/ros2_ws/src/tori_bringup/install/tori_bringup/share/tori_bringup/environment/path.sh
[2.196s] -- Installing: /home/tori/ros2_ws/src/tori_bringup/install/tori_bringup/share/tori_bringup/environment/path.dsv
[2.198s] -- Installing: /home/tori/ros2_ws/src/tori_bringup/install/tori_bringup/share/tori_bringup/local_setup.bash
[2.198s] -- Installing: /home/tori/ros2_ws/src/tori_bringup/install/tori_bringup/share/tori_bringup/local_setup.sh
[2.199s] -- Installing: /home/tori/ros2_ws/src/tori_bringup/install/tori_bringup/share/tori_bringup/local_setup.zsh
[2.199s] -- Installing: /home/tori/ros2_ws/src/tori_bringup/install/tori_bringup/share/tori_bringup/local_setup.dsv
[2.199s] -- Installing: /home/tori/ros2_ws/src/tori_bringup/install/tori_bringup/share/tori_bringup/package.dsv
[2.199s] -- Installing: /home/tori/ros2_ws/src/tori_bringup/install/tori_bringup/share/ament_index/resource_index/packages/tori_bringup
[2.199s] -- Installing: /home/tori/ros2_ws/src/tori_bringup/install/tori_bringup/share/tori_bringup/cmake/tori_bringupConfig.cmake
[2.199s] -- Installing: /home/tori/ros2_ws/src/tori_bringup/install/tori_bringup/share/tori_bringup/cmake/tori_bringupConfig-version.cmake
[2.200s] -- Installing: /home/tori/ros2_ws/src/tori_bringup/install/tori_bringup/share/tori_bringup/package.xml
[2.200s] Invoked command in '/home/tori/ros2_ws/src/tori_bringup/build/tori_bringup' returned '0': CMAKE_PREFIX_PATH=${CMAKE_PREFIX_PATH}:/home/tori/ros2_ws/install/vision:/home/tori/ros2_ws/install/odom_tf_convert:/home/tori/ros2_ws/install/map_loader:/home/tori/ros2_ws/install/goal_pose_filter:/home/tori/ros2_ws/install/battery-monitor:/home/tori/ros2_ws/src/install/vision:/home/tori/ros2_ws/src/install/odom_tf_convert:/home/tori/ros2_ws/src/install/map_loader:/home/tori/ros2_ws/src/install/goal_pose_filter:/opt/ros/humble /usr/local/bin/cmake --install /home/tori/ros2_ws/src/tori_bringup/build/tori_bringup
